<?xml version="1.0" encoding="utf-8"?><testsuites name="pytest tests"><testsuite name="pytest" errors="0" failures="0" skipped="0" tests="25" time="1.161" timestamp="2026-01-24T20:39:17.093060+00:00" hostname="agent-env-df29d5bb-d5ce-4963-9b09-fab54541af07"><testcase classname="tests.test_international_api.TestHealthCheck" name="test_health_endpoint" time="0.051" /><testcase classname="tests.test_international_api.TestCountriesAPI" name="test_get_all_countries" time="0.037" /><testcase classname="tests.test_international_api.TestCountriesAPI" name="test_get_country_by_code_usa" time="0.036" /><testcase classname="tests.test_international_api.TestCountriesAPI" name="test_get_country_by_code_gbr" time="0.041" /><testcase classname="tests.test_international_api.TestCountriesAPI" name="test_get_country_not_found" time="0.036" /><testcase classname="tests.test_international_api.TestCountriesAPI" name="test_filter_countries_by_region" time="0.036" /><testcase classname="tests.test_international_api.TestCountryStatisticsAPI" name="test_get_usa_statistics" time="0.032" /><testcase classname="tests.test_international_api.TestCountryStatisticsAPI" name="test_get_statistics_by_year" time="0.038" /><testcase classname="tests.test_international_api.TestGlobalStatisticsAPI" name="test_get_global_statistics" time="0.034" /><testcase classname="tests.test_international_api.TestGlobalStatisticsAPI" name="test_get_global_statistics_by_year" time="0.050" /><testcase classname="tests.test_international_api.TestTreatmentCentersAPI" name="test_get_all_treatment_centers" time="0.033" /><testcase classname="tests.test_international_api.TestTreatmentCentersAPI" name="test_filter_by_country_code" time="0.034" /><testcase classname="tests.test_international_api.TestTreatmentCentersAPI" name="test_filter_by_treatment_type" time="0.040" /><testcase classname="tests.test_international_api.TestTreatmentCentersAPI" name="test_treatment_center_structure" time="0.077" /><testcase classname="tests.test_international_api.TestTreatmentCentersAPI" name="test_international_center_has_country_code" time="0.037" /><testcase classname="tests.test_international_api.TestTreatmentCentersSearchAPI" name="test_search_by_query" time="0.037" /><testcase classname="tests.test_international_api.TestTreatmentCentersSearchAPI" name="test_search_with_multiple_filters" time="0.032" /><testcase classname="tests.test_international_api.TestCMSPagesAPI" name="test_get_about_us_page" time="0.034" /><testcase classname="tests.test_international_api.TestCMSPagesAPI" name="test_get_privacy_policy_page" time="0.036" /><testcase classname="tests.test_international_api.TestCMSPagesAPI" name="test_get_terms_of_service_page" time="0.035" /><testcase classname="tests.test_international_api.TestCMSPagesAPI" name="test_get_nonexistent_page" time="0.074" /><testcase classname="tests.test_international_api.TestPagination" name="test_pagination_skip_limit" time="0.069" /><testcase classname="tests.test_international_api.TestPagination" name="test_pagination_total_count" time="0.069" /><testcase classname="tests.test_international_api.TestDataIntegrity" name="test_country_statistics_have_sources" time="0.037" /><testcase classname="tests.test_international_api.TestDataIntegrity" name="test_global_stats_have_data_sources" time="0.033" /></testsuite></testsuites>