<?xml version="1.0" encoding="utf-8"?><testsuites name="pytest tests"><testsuite name="pytest" errors="0" failures="0" skipped="0" tests="13" time="0.589" timestamp="2026-01-24T20:18:13.962615+00:00" hostname="agent-env-df29d5bb-d5ce-4963-9b09-fab54541af07"><testcase classname="backend.tests.test_homepage_api.TestHomepageAPI" name="test_homepage_data_endpoint_returns_200" time="0.067" /><testcase classname="backend.tests.test_homepage_api.TestHomepageAPI" name="test_homepage_data_has_all_required_keys" time="0.046" /><testcase classname="backend.tests.test_homepage_api.TestHomepageAPI" name="test_national_stats_structure" time="0.035" /><testcase classname="backend.tests.test_homepage_api.TestHomepageAPI" name="test_state_counts_returns_51_states" time="0.036" /><testcase classname="backend.tests.test_homepage_api.TestHomepageAPI" name="test_state_counts_sorted_by_treatment_centers" time="0.036" /><testcase classname="backend.tests.test_homepage_api.TestHomepageAPI" name="test_featured_centers_returns_data" time="0.040" /><testcase classname="backend.tests.test_homepage_api.TestHomepageAPI" name="test_featured_centers_have_valid_ratings" time="0.041" /><testcase classname="backend.tests.test_homepage_api.TestHomepageAPI" name="test_top_states_returns_data" time="0.038" /><testcase classname="backend.tests.test_homepage_api.TestHomepageAPI" name="test_faqs_returns_data" time="0.039" /><testcase classname="backend.tests.test_homepage_api.TestHomepageAPI" name="test_data_year_is_2025" time="0.036" /><testcase classname="backend.tests.test_homepage_api.TestHomepageAPI" name="test_national_stats_total_matches_state_counts_sum" time="0.041" /><testcase classname="backend.tests.test_homepage_api.TestHomepageDataIntegrity" name="test_california_is_top_state" time="0.034" /><testcase classname="backend.tests.test_homepage_api.TestHomepageDataIntegrity" name="test_state_counts_have_positive_centers" time="0.038" /></testsuite></testsuites>