<?xml version="1.0" encoding="utf-8"?><testsuites name="pytest tests"><testsuite name="pytest" errors="0" failures="1" skipped="0" tests="24" time="1.171" timestamp="2026-01-24T20:38:47.413707+00:00" hostname="agent-env-df29d5bb-d5ce-4963-9b09-fab54541af07"><testcase classname="tests.test_international_api.TestHealthCheck" name="test_health_endpoint" time="0.059" /><testcase classname="tests.test_international_api.TestCountriesAPI" name="test_get_all_countries" time="0.040" /><testcase classname="tests.test_international_api.TestCountriesAPI" name="test_get_country_by_code_usa" time="0.040" /><testcase classname="tests.test_international_api.TestCountriesAPI" name="test_get_country_by_code_gbr" time="0.036" /><testcase classname="tests.test_international_api.TestCountriesAPI" name="test_get_country_not_found" time="0.037" /><testcase classname="tests.test_international_api.TestCountriesAPI" name="test_filter_countries_by_region" time="0.035" /><testcase classname="tests.test_international_api.TestCountryStatisticsAPI" name="test_get_usa_statistics" time="0.032" /><testcase classname="tests.test_international_api.TestCountryStatisticsAPI" name="test_get_statistics_by_year" time="0.039" /><testcase classname="tests.test_international_api.TestGlobalStatisticsAPI" name="test_get_global_statistics" time="0.040" /><testcase classname="tests.test_international_api.TestGlobalStatisticsAPI" name="test_get_global_statistics_by_year" time="0.034" /><testcase classname="tests.test_international_api.TestTreatmentCentersAPI" name="test_get_all_treatment_centers" time="0.035" /><testcase classname="tests.test_international_api.TestTreatmentCentersAPI" name="test_filter_by_country_code" time="0.040" /><testcase classname="tests.test_international_api.TestTreatmentCentersAPI" name="test_filter_by_treatment_type" time="0.041" /><testcase classname="tests.test_international_api.TestTreatmentCentersAPI" name="test_treatment_center_structure" time="0.035"><failure message="AssertionError: assert 'country_code' in {'accepts_medicaid': True, 'accepts_medicare': False, 'address': '6608 Pine Avenue', 'city': 'Savannah', ...}">tests/test_international_api.py:224: in test_treatment_center_structure
    assert "country_code" in center
E   AssertionError: assert 'country_code' in {'accepts_medicaid': True, 'accepts_medicare': False, 'address': '6608 Pine Avenue', 'city': 'Savannah', ...}</failure></testcase><testcase classname="tests.test_international_api.TestTreatmentCentersSearchAPI" name="test_search_by_query" time="0.035" /><testcase classname="tests.test_international_api.TestTreatmentCentersSearchAPI" name="test_search_with_multiple_filters" time="0.042" /><testcase classname="tests.test_international_api.TestCMSPagesAPI" name="test_get_about_us_page" time="0.075" /><testcase classname="tests.test_international_api.TestCMSPagesAPI" name="test_get_privacy_policy_page" time="0.074" /><testcase classname="tests.test_international_api.TestCMSPagesAPI" name="test_get_terms_of_service_page" time="0.031" /><testcase classname="tests.test_international_api.TestCMSPagesAPI" name="test_get_nonexistent_page" time="0.033" /><testcase classname="tests.test_international_api.TestPagination" name="test_pagination_skip_limit" time="0.073" /><testcase classname="tests.test_international_api.TestPagination" name="test_pagination_total_count" time="0.076" /><testcase classname="tests.test_international_api.TestDataIntegrity" name="test_country_statistics_have_sources" time="0.041" /><testcase classname="tests.test_international_api.TestDataIntegrity" name="test_global_stats_have_data_sources" time="0.035" /></testsuite></testsuites>