<?xml version="1.0" encoding="utf-8"?><testsuites name="pytest tests"><testsuite name="pytest" errors="0" failures="0" skipped="0" tests="12" time="0.628" timestamp="2026-01-24T17:58:18.422476+00:00" hostname="agent-env-d3b184e9-9b60-4798-ac19-0d0eef56e458"><testcase classname="backend.tests.test_state_pages_api.TestHealthCheck" name="test_health_endpoint" time="0.061" /><testcase classname="backend.tests.test_state_pages_api.TestStatisticsAPI" name="test_get_florida_statistics" time="0.038" /><testcase classname="backend.tests.test_state_pages_api.TestStatisticsAPI" name="test_get_california_statistics" time="0.036" /><testcase classname="backend.tests.test_state_pages_api.TestStatisticsAPI" name="test_statistics_data_structure" time="0.035" /><testcase classname="backend.tests.test_state_pages_api.TestResourcesAPI" name="test_get_florida_resources" time="0.038" /><testcase classname="backend.tests.test_state_pages_api.TestResourcesAPI" name="test_resources_include_nationwide" time="0.041" /><testcase classname="backend.tests.test_state_pages_api.TestResourcesAPI" name="test_resources_data_structure" time="0.039" /><testcase classname="backend.tests.test_state_pages_api.TestFAQsAPI" name="test_get_florida_faqs" time="0.042" /><testcase classname="backend.tests.test_state_pages_api.TestFAQsAPI" name="test_faqs_include_general" time="0.043" /><testcase classname="backend.tests.test_state_pages_api.TestFAQsAPI" name="test_faqs_data_structure" time="0.040" /><testcase classname="backend.tests.test_state_pages_api.TestStateIdFormat" name="test_statistics_uses_uppercase_state_id" time="0.065" /><testcase classname="backend.tests.test_state_pages_api.TestStateIdFormat" name="test_resources_uses_uppercase_state_id" time="0.033" /></testsuite></testsuites>