<?xml version="1.0" encoding="utf-8"?><testsuites name="pytest tests"><testsuite name="pytest" errors="0" failures="1" skipped="0" tests="28" time="2.968" timestamp="2026-01-24T21:48:13.406220+00:00" hostname="agent-env-eb836193-b8a4-4f11-8256-b1e2d77adba8"><testcase classname="tests.test_new_features.TestHealthAndBasics" name="test_api_health" time="0.100" /><testcase classname="tests.test_new_features.TestHealthAndBasics" name="test_api_root" time="0.041" /><testcase classname="tests.test_new_features.TestAuthentication" name="test_admin_login" time="0.259" /><testcase classname="tests.test_new_features.TestAuthentication" name="test_invalid_login" time="0.037" /><testcase classname="tests.test_new_features.TestCountriesAPI" name="test_get_all_countries" time="0.042" /><testcase classname="tests.test_new_features.TestCountriesAPI" name="test_get_country_by_code_usa" time="0.037" /><testcase classname="tests.test_new_features.TestCountriesAPI" name="test_get_country_by_code_gbr" time="0.036" /><testcase classname="tests.test_new_features.TestCountriesAPI" name="test_get_country_by_code_deu" time="0.043" /><testcase classname="tests.test_new_features.TestCountriesAPI" name="test_get_country_statistics" time="0.038" /><testcase classname="tests.test_new_features.TestCountriesAPI" name="test_get_country_statistics_with_year" time="0.036" /><testcase classname="tests.test_new_features.TestCountriesAPI" name="test_get_countries_by_region" time="0.042" /><testcase classname="tests.test_new_features.TestCountryComparisonData" name="test_compare_multiple_countries_stats" time="0.147" /><testcase classname="tests.test_new_features.TestCountryComparisonData" name="test_global_statistics" time="0.035" /><testcase classname="tests.test_new_features.TestDataExportEndpoints" name="test_export_countries_json" time="0.374" /><testcase classname="tests.test_new_features.TestDataExportEndpoints" name="test_export_statistics_json" time="0.314" /><testcase classname="tests.test_new_features.TestDataExportEndpoints" name="test_export_treatment_centers_json" time="0.300" /><testcase classname="tests.test_new_features.TestDataExportEndpoints" name="test_export_requires_auth" time="0.033" /><testcase classname="tests.test_new_features.TestStatusWorkflow" name="test_get_pending_review_statistics" time="0.292"><failure message="assert 404 == 200&#10; +  where 404 = &lt;Response [404]&gt;.status_code">tests/test_new_features.py:242: in test_get_pending_review_statistics
    assert response.status_code == 200
E   assert 404 == 200
E    +  where 404 = &lt;Response [404]&gt;.status_code</failure></testcase><testcase classname="tests.test_new_features.TestStatusWorkflow" name="test_status_update_requires_auth" time="0.036" /><testcase classname="tests.test_new_features.TestStatusWorkflow" name="test_status_update_invalid_status" time="0.335" /><testcase classname="tests.test_new_features.TestCMSPages" name="test_get_about_us_page" time="0.030" /><testcase classname="tests.test_new_features.TestCMSPages" name="test_get_privacy_policy_page" time="0.036" /><testcase classname="tests.test_new_features.TestCMSPages" name="test_get_terms_of_service_page" time="0.034" /><testcase classname="tests.test_new_features.TestTreatmentCenters" name="test_get_treatment_centers" time="0.040" /><testcase classname="tests.test_new_features.TestTreatmentCenters" name="test_get_treatment_centers_by_country" time="0.034" /><testcase classname="tests.test_new_features.TestTreatmentCenters" name="test_search_treatment_centers" time="0.033" /><testcase classname="tests.test_new_features.TestHomepageData" name="test_homepage_data" time="0.036" /><testcase classname="tests.test_new_features.TestHomepageData" name="test_international_homepage_data" time="0.046" /></testsuite></testsuites>