<?xml version="1.0" encoding="utf-8"?><testsuites name="pytest tests"><testsuite name="pytest" errors="0" failures="0" skipped="0" tests="18" time="1.256" timestamp="2026-01-24T21:35:19.230973+00:00" hostname="agent-env-eb836193-b8a4-4f11-8256-b1e2d77adba8"><testcase classname="backend.tests.test_i18n_and_cms.TestHealthCheck" name="test_api_health" time="0.057" /><testcase classname="backend.tests.test_i18n_and_cms.TestAuthentication" name="test_admin_login_success" time="0.263" /><testcase classname="backend.tests.test_i18n_and_cms.TestAuthentication" name="test_login_invalid_credentials" time="0.042" /><testcase classname="backend.tests.test_i18n_and_cms.TestAuthentication" name="test_get_current_user" time="0.300" /><testcase classname="backend.tests.test_i18n_and_cms.TestCMSPages" name="test_get_about_page" time="0.036" /><testcase classname="backend.tests.test_i18n_and_cms.TestCMSPages" name="test_get_privacy_policy" time="0.035" /><testcase classname="backend.tests.test_i18n_and_cms.TestCMSPages" name="test_get_terms_of_service" time="0.037" /><testcase classname="backend.tests.test_i18n_and_cms.TestCMSPages" name="test_update_cms_page_requires_auth" time="0.037" /><testcase classname="backend.tests.test_i18n_and_cms.TestCountries" name="test_get_countries_list" time="0.043" /><testcase classname="backend.tests.test_i18n_and_cms.TestCountries" name="test_get_country_by_code" time="0.040" /><testcase classname="backend.tests.test_i18n_and_cms.TestCountries" name="test_get_country_statistics" time="0.032" /><testcase classname="backend.tests.test_i18n_and_cms.TestCountries" name="test_get_country_treatment_centers" time="0.037" /><testcase classname="backend.tests.test_i18n_and_cms.TestTreatmentCenters" name="test_get_treatment_centers" time="0.037" /><testcase classname="backend.tests.test_i18n_and_cms.TestTreatmentCenters" name="test_search_treatment_centers" time="0.040" /><testcase classname="backend.tests.test_i18n_and_cms.TestTreatmentCenters" name="test_filter_by_country" time="0.035" /><testcase classname="backend.tests.test_i18n_and_cms.TestHomepageData" name="test_get_homepage_data" time="0.038" /><testcase classname="backend.tests.test_i18n_and_cms.TestHomepageData" name="test_get_international_homepage_data" time="0.039" /><testcase classname="backend.tests.test_i18n_and_cms.TestGlobalStatistics" name="test_get_global_statistics" time="0.038" /></testsuite></testsuites>